
=== Fri Jul 23 20:06:11 2021

Packages were changed.
Update Mode: updateDependencies

The following packages were added:
  com.unity.ide.visualstudio@2.0.9
The following packages were updated:
  com.unity.addressables from version 1.1.7 to 1.16.19
  com.unity.analytics from version 3.3.2 to 3.5.3
  com.unity.collab-proxy from version 1.2.16 to 1.5.7
  com.unity.ext.nunit from version 1.0.0 to 1.0.6
  com.unity.ide.vscode from version 1.0.7 to 1.2.3
  com.unity.postprocessing from version 2.1.7 to 2.3.0
  com.unity.purchasing from version 2.0.6 to 3.2.2
  com.unity.render-pipelines.lightweight from version 6.9.1 to 10.5.0
  com.unity.test-framework from version 1.0.18 to 1.1.27
  com.unity.textmeshpro from version 2.0.1 to 3.0.6
  com.unity.timeline from version 1.1.0 to 1.4.8
  com.unity.xr.legacyinputhelpers from version 2.0.6 to 2.1.7
The following packages were removed:
  com.unity.package-manager-ui@2.2.0
